mode: set
github.com/Limpowitch/D7024E-Lab-Assignment/kademlia/wire/wire.go:25.28,25.63 2 1
github.com/Limpowitch/D7024E-Lab-Assignment/kademlia/wire/wire.go:34.36,36.20 2 1
github.com/Limpowitch/D7024E-Lab-Assignment/kademlia/wire/wire.go:36.20,38.3 1 0
github.com/Limpowitch/D7024E-Lab-Assignment/kademlia/wire/wire.go:39.2,44.12 6 1
github.com/Limpowitch/D7024E-Lab-Assignment/kademlia/wire/wire.go:47.44,48.25 1 1
github.com/Limpowitch/D7024E-Lab-Assignment/kademlia/wire/wire.go:48.25,50.3 1 0
github.com/Limpowitch/D7024E-Lab-Assignment/kademlia/wire/wire.go:51.2,54.32 4 1
github.com/Limpowitch/D7024E-Lab-Assignment/kademlia/wire/wire.go:54.32,56.3 1 0
github.com/Limpowitch/D7024E-Lab-Assignment/kademlia/wire/wire.go:57.2,59.54 3 1
github.com/Limpowitch/D7024E-Lab-Assignment/kademlia/internal/transport/udp.go:19.57,21.16 2 1
github.com/Limpowitch/D7024E-Lab-Assignment/kademlia/internal/transport/udp.go:21.16,23.3 1 0
github.com/Limpowitch/D7024E-Lab-Assignment/kademlia/internal/transport/udp.go:24.2,29.8 1 1
github.com/Limpowitch/D7024E-Lab-Assignment/kademlia/internal/transport/udp.go:32.40,32.71 1 1
github.com/Limpowitch/D7024E-Lab-Assignment/kademlia/internal/transport/udp.go:35.34,36.12 1 1
github.com/Limpowitch/D7024E-Lab-Assignment/kademlia/internal/transport/udp.go:36.12,38.7 2 1
github.com/Limpowitch/D7024E-Lab-Assignment/kademlia/internal/transport/udp.go:38.7,41.53 3 1
github.com/Limpowitch/D7024E-Lab-Assignment/kademlia/internal/transport/udp.go:41.53,42.12 1 0
github.com/Limpowitch/D7024E-Lab-Assignment/kademlia/internal/transport/udp.go:43.24,44.12 1 0
github.com/Limpowitch/D7024E-Lab-Assignment/kademlia/internal/transport/udp.go:45.13,46.14 1 0
github.com/Limpowitch/D7024E-Lab-Assignment/kademlia/internal/transport/udp.go:49.4,49.18 1 1
github.com/Limpowitch/D7024E-Lab-Assignment/kademlia/internal/transport/udp.go:49.18,51.5 1 1
github.com/Limpowitch/D7024E-Lab-Assignment/kademlia/internal/transport/udp.go:54.4,55.43 2 1
github.com/Limpowitch/D7024E-Lab-Assignment/kademlia/internal/transport/udp.go:55.43,57.5 1 1
github.com/Limpowitch/D7024E-Lab-Assignment/kademlia/internal/transport/udp.go:63.71,65.16 2 1
github.com/Limpowitch/D7024E-Lab-Assignment/kademlia/internal/transport/udp.go:65.16,67.3 1 0
github.com/Limpowitch/D7024E-Lab-Assignment/kademlia/internal/transport/udp.go:68.2,70.12 3 1
github.com/Limpowitch/D7024E-Lab-Assignment/kademlia/internal/transport/udp.go:73.79,75.16 2 1
github.com/Limpowitch/D7024E-Lab-Assignment/kademlia/internal/transport/udp.go:75.16,77.3 1 1
github.com/Limpowitch/D7024E-Lab-Assignment/kademlia/internal/transport/udp.go:78.2,79.12 2 1
github.com/Limpowitch/D7024E-Lab-Assignment/kademlia/internal/transport/udp.go:82.78,85.2 2 1
github.com/Limpowitch/D7024E-Lab-Assignment/kademlia/internal/transport/udp.go:87.40,91.2 2 1
github.com/Limpowitch/D7024E-Lab-Assignment/kademlia/cmd/node/contact.go:13.49,15.2 1 1
github.com/Limpowitch/D7024E-Lab-Assignment/kademlia/cmd/node/contact.go:18.27,18.54 1 1
github.com/Limpowitch/D7024E-Lab-Assignment/kademlia/cmd/node/contact_codec.go:8.41,10.21 2 0
github.com/Limpowitch/D7024E-Lab-Assignment/kademlia/cmd/node/contact_codec.go:10.21,12.3 1 0
github.com/Limpowitch/D7024E-Lab-Assignment/kademlia/cmd/node/contact_codec.go:13.2,17.12 5 0
github.com/Limpowitch/D7024E-Lab-Assignment/kademlia/cmd/node/contact_codec.go:20.51,21.24 1 0
github.com/Limpowitch/D7024E-Lab-Assignment/kademlia/cmd/node/contact_codec.go:21.24,23.3 1 0
github.com/Limpowitch/D7024E-Lab-Assignment/kademlia/cmd/node/contact_codec.go:24.2,26.26 3 0
github.com/Limpowitch/D7024E-Lab-Assignment/kademlia/cmd/node/contact_codec.go:26.26,28.3 1 0
github.com/Limpowitch/D7024E-Lab-Assignment/kademlia/cmd/node/contact_codec.go:29.2,30.12 2 0
github.com/Limpowitch/D7024E-Lab-Assignment/kademlia/cmd/node/contact_codec.go:33.48,36.25 3 0
github.com/Limpowitch/D7024E-Lab-Assignment/kademlia/cmd/node/contact_codec.go:36.25,38.3 1 0
github.com/Limpowitch/D7024E-Lab-Assignment/kademlia/cmd/node/contact_codec.go:39.2,39.12 1 0
github.com/Limpowitch/D7024E-Lab-Assignment/kademlia/cmd/node/contact_codec.go:42.56,43.16 1 0
github.com/Limpowitch/D7024E-Lab-Assignment/kademlia/cmd/node/contact_codec.go:43.16,45.3 1 0
github.com/Limpowitch/D7024E-Lab-Assignment/kademlia/cmd/node/contact_codec.go:46.2,49.25 4 0
github.com/Limpowitch/D7024E-Lab-Assignment/kademlia/cmd/node/contact_codec.go:49.25,50.25 1 0
github.com/Limpowitch/D7024E-Lab-Assignment/kademlia/cmd/node/contact_codec.go:50.25,52.4 1 0
github.com/Limpowitch/D7024E-Lab-Assignment/kademlia/cmd/node/contact_codec.go:53.3,55.20 3 0
github.com/Limpowitch/D7024E-Lab-Assignment/kademlia/cmd/node/contact_codec.go:55.20,57.4 1 0
github.com/Limpowitch/D7024E-Lab-Assignment/kademlia/cmd/node/contact_codec.go:58.3,59.53 2 0
github.com/Limpowitch/D7024E-Lab-Assignment/kademlia/cmd/node/contact_codec.go:59.53,61.4 1 0
github.com/Limpowitch/D7024E-Lab-Assignment/kademlia/cmd/node/contact_codec.go:62.3,63.15 2 0
github.com/Limpowitch/D7024E-Lab-Assignment/kademlia/cmd/node/contact_codec.go:65.2,65.17 1 0
github.com/Limpowitch/D7024E-Lab-Assignment/kademlia/cmd/node/id.go:13.33,13.68 2 1
github.com/Limpowitch/D7024E-Lab-Assignment/kademlia/cmd/node/id.go:16.37,18.31 2 1
github.com/Limpowitch/D7024E-Lab-Assignment/kademlia/cmd/node/id.go:18.31,20.3 1 1
github.com/Limpowitch/D7024E-Lab-Assignment/kademlia/cmd/node/id.go:21.2,21.36 1 1
github.com/Limpowitch/D7024E-Lab-Assignment/kademlia/cmd/node/id.go:25.39,29.2 3 1
github.com/Limpowitch/D7024E-Lab-Assignment/kademlia/cmd/node/id.go:31.32,34.2 2 1
github.com/Limpowitch/D7024E-Lab-Assignment/kademlia/cmd/node/kbucket.go:16.86,23.2 1 1
github.com/Limpowitch/D7024E-Lab-Assignment/kademlia/cmd/node/kbucket.go:25.45,29.2 3 0
github.com/Limpowitch/D7024E-Lab-Assignment/kademlia/cmd/node/kbucket.go:31.55,36.40 4 0
github.com/Limpowitch/D7024E-Lab-Assignment/kademlia/cmd/node/kbucket.go:36.40,37.32 1 0
github.com/Limpowitch/D7024E-Lab-Assignment/kademlia/cmd/node/kbucket.go:37.32,39.9 2 0
github.com/Limpowitch/D7024E-Lab-Assignment/kademlia/cmd/node/kbucket.go:42.2,42.15 1 0
github.com/Limpowitch/D7024E-Lab-Assignment/kademlia/cmd/node/kbucket.go:42.15,44.3 1 0
github.com/Limpowitch/D7024E-Lab-Assignment/kademlia/cmd/node/kbucket.go:46.2,48.12 3 0
github.com/Limpowitch/D7024E-Lab-Assignment/kademlia/cmd/node/main.go:14.13,31.18 12 0
github.com/Limpowitch/D7024E-Lab-Assignment/kademlia/cmd/node/main.go:31.18,32.16 1 0
github.com/Limpowitch/D7024E-Lab-Assignment/kademlia/cmd/node/main.go:32.16,35.4 2 0
github.com/Limpowitch/D7024E-Lab-Assignment/kademlia/cmd/node/main.go:36.3,36.54 1 0
github.com/Limpowitch/D7024E-Lab-Assignment/kademlia/cmd/node/main.go:36.54,39.4 2 0
github.com/Limpowitch/D7024E-Lab-Assignment/kademlia/cmd/node/main.go:40.3,41.9 2 0
github.com/Limpowitch/D7024E-Lab-Assignment/kademlia/cmd/node/main.go:45.2,45.60 1 0
github.com/Limpowitch/D7024E-Lab-Assignment/kademlia/cmd/node/main.go:45.60,48.3 2 0
github.com/Limpowitch/D7024E-Lab-Assignment/kademlia/cmd/node/main.go:51.45,53.16 2 0
github.com/Limpowitch/D7024E-Lab-Assignment/kademlia/cmd/node/main.go:53.16,55.3 1 0
github.com/Limpowitch/D7024E-Lab-Assignment/kademlia/cmd/node/main.go:56.2,58.12 3 0
github.com/Limpowitch/D7024E-Lab-Assignment/kademlia/cmd/node/main.go:61.58,63.16 2 0
github.com/Limpowitch/D7024E-Lab-Assignment/kademlia/cmd/node/main.go:63.16,65.3 1 0
github.com/Limpowitch/D7024E-Lab-Assignment/kademlia/cmd/node/main.go:66.2,69.16 3 0
github.com/Limpowitch/D7024E-Lab-Assignment/kademlia/cmd/node/main.go:69.16,71.3 1 0
github.com/Limpowitch/D7024E-Lab-Assignment/kademlia/cmd/node/main.go:71.8,73.3 1 0
github.com/Limpowitch/D7024E-Lab-Assignment/kademlia/cmd/node/main.go:76.2,81.6 4 0
github.com/Limpowitch/D7024E-Lab-Assignment/kademlia/cmd/node/main.go:81.6,82.10 1 0
github.com/Limpowitch/D7024E-Lab-Assignment/kademlia/cmd/node/main.go:83.14,85.14 2 0
github.com/Limpowitch/D7024E-Lab-Assignment/kademlia/cmd/node/main.go:86.11,88.18 2 0
github.com/Limpowitch/D7024E-Lab-Assignment/kademlia/cmd/node/main.go:88.18,90.5 1 0
github.com/Limpowitch/D7024E-Lab-Assignment/kademlia/cmd/node/main.go:93.4,97.18 3 0
github.com/Limpowitch/D7024E-Lab-Assignment/kademlia/cmd/node/main.go:97.18,99.5 1 0
github.com/Limpowitch/D7024E-Lab-Assignment/kademlia/cmd/node/main.go:99.10,101.5 1 0
github.com/Limpowitch/D7024E-Lab-Assignment/kademlia/cmd/node/main.go:103.4,103.15 1 0
github.com/Limpowitch/D7024E-Lab-Assignment/kademlia/cmd/node/main.go:103.15,105.5 1 0
github.com/Limpowitch/D7024E-Lab-Assignment/kademlia/cmd/node/main.go:110.49,112.11 2 0
github.com/Limpowitch/D7024E-Lab-Assignment/kademlia/cmd/node/main.go:112.11,114.3 1 0
github.com/Limpowitch/D7024E-Lab-Assignment/kademlia/cmd/node/main.go:115.2,115.23 1 0
github.com/Limpowitch/D7024E-Lab-Assignment/kademlia/cmd/node/node.go:18.46,22.16 3 1
github.com/Limpowitch/D7024E-Lab-Assignment/kademlia/cmd/node/node.go:22.16,24.3 1 0
github.com/Limpowitch/D7024E-Lab-Assignment/kademlia/cmd/node/node.go:27.2,31.26 3 1
github.com/Limpowitch/D7024E-Lab-Assignment/kademlia/cmd/node/node.go:31.26,33.3 1 1
github.com/Limpowitch/D7024E-Lab-Assignment/kademlia/cmd/node/node.go:35.2,42.8 2 1
github.com/Limpowitch/D7024E-Lab-Assignment/kademlia/cmd/node/node.go:45.55,49.2 3 0
github.com/Limpowitch/D7024E-Lab-Assignment/kademlia/cmd/node/node.go:51.54,54.2 2 0
github.com/Limpowitch/D7024E-Lab-Assignment/kademlia/cmd/node/routingTable.go:10.75,19.16 4 1
github.com/Limpowitch/D7024E-Lab-Assignment/kademlia/cmd/node/routingTable.go:19.16,21.3 1 0
github.com/Limpowitch/D7024E-Lab-Assignment/kademlia/cmd/node/routingTable.go:23.2,24.16 2 1
github.com/Limpowitch/D7024E-Lab-Assignment/kademlia/cmd/node/routingTable.go:29.34,30.26 1 1
github.com/Limpowitch/D7024E-Lab-Assignment/kademlia/cmd/node/routingTable.go:30.26,31.19 1 1
github.com/Limpowitch/D7024E-Lab-Assignment/kademlia/cmd/node/routingTable.go:31.19,33.4 1 1
github.com/Limpowitch/D7024E-Lab-Assignment/kademlia/cmd/node/routingTable.go:35.2,35.14 1 0
github.com/Limpowitch/D7024E-Lab-Assignment/kademlia/cmd/node/routingTable.go:38.53,42.29 3 1
github.com/Limpowitch/D7024E-Lab-Assignment/kademlia/cmd/node/routingTable.go:42.29,45.3 2 1
github.com/Limpowitch/D7024E-Lab-Assignment/kademlia/cmd/node/routingTable.go:47.2,48.42 2 1
github.com/Limpowitch/D7024E-Lab-Assignment/kademlia/cmd/node/routingTable.go:48.42,51.53 2 1
github.com/Limpowitch/D7024E-Lab-Assignment/kademlia/cmd/node/routingTable.go:51.53,53.4 1 1
github.com/Limpowitch/D7024E-Lab-Assignment/kademlia/cmd/node/routingTable.go:56.3,56.36 1 1
github.com/Limpowitch/D7024E-Lab-Assignment/kademlia/cmd/node/routingTable.go:56.36,58.9 2 1
github.com/Limpowitch/D7024E-Lab-Assignment/kademlia/cmd/node/routingTable.go:62.2,65.12 4 1
github.com/Limpowitch/D7024E-Lab-Assignment/kademlia/cmd/node/routingTable.go:68.56,69.29 1 1
github.com/Limpowitch/D7024E-Lab-Assignment/kademlia/cmd/node/routingTable.go:69.29,71.3 1 1
github.com/Limpowitch/D7024E-Lab-Assignment/kademlia/cmd/node/routingTable.go:73.2,74.31 2 1
github.com/Limpowitch/D7024E-Lab-Assignment/kademlia/cmd/node/routingTable.go:74.31,76.69 2 1
github.com/Limpowitch/D7024E-Lab-Assignment/kademlia/cmd/node/routingTable.go:76.69,78.9 2 1
github.com/Limpowitch/D7024E-Lab-Assignment/kademlia/cmd/node/routingTable.go:81.2,81.15 1 1
github.com/Limpowitch/D7024E-Lab-Assignment/kademlia/cmd/node/routingTable.go:81.15,83.3 1 0
github.com/Limpowitch/D7024E-Lab-Assignment/kademlia/cmd/node/routingTable.go:85.2,87.12 3 1
github.com/Limpowitch/D7024E-Lab-Assignment/kademlia/cmd/node/routingTable.go:90.65,100.42 7 1
github.com/Limpowitch/D7024E-Lab-Assignment/kademlia/cmd/node/routingTable.go:100.42,101.67 1 0
github.com/Limpowitch/D7024E-Lab-Assignment/kademlia/cmd/node/routingTable.go:101.67,103.4 1 0
github.com/Limpowitch/D7024E-Lab-Assignment/kademlia/cmd/node/routingTable.go:103.9,105.4 1 0
github.com/Limpowitch/D7024E-Lab-Assignment/kademlia/cmd/node/routingTable.go:108.2,116.12 6 1
github.com/Limpowitch/D7024E-Lab-Assignment/kademlia/cmd/node/routingTable.go:121.33,122.26 1 1
github.com/Limpowitch/D7024E-Lab-Assignment/kademlia/cmd/node/routingTable.go:122.26,123.18 1 1
github.com/Limpowitch/D7024E-Lab-Assignment/kademlia/cmd/node/routingTable.go:123.18,125.4 1 1
github.com/Limpowitch/D7024E-Lab-Assignment/kademlia/cmd/node/routingTable.go:125.9,125.25 1 0
github.com/Limpowitch/D7024E-Lab-Assignment/kademlia/cmd/node/routingTable.go:125.25,127.4 1 0
github.com/Limpowitch/D7024E-Lab-Assignment/kademlia/cmd/node/routingTable.go:129.2,129.10 1 0
github.com/Limpowitch/D7024E-Lab-Assignment/kademlia/cmd/node/routingTable.go:132.34,135.27 3 1
github.com/Limpowitch/D7024E-Lab-Assignment/kademlia/cmd/node/routingTable.go:135.27,139.3 3 1
github.com/Limpowitch/D7024E-Lab-Assignment/kademlia/cmd/node/routingTable.go:140.2,140.12 1 1
github.com/Limpowitch/D7024E-Lab-Assignment/kademlia/cmd/node/routingTable.go:143.39,146.27 3 1
github.com/Limpowitch/D7024E-Lab-Assignment/kademlia/cmd/node/routingTable.go:146.27,150.3 3 1
github.com/Limpowitch/D7024E-Lab-Assignment/kademlia/cmd/node/routingTable.go:151.2,151.12 1 1
github.com/Limpowitch/D7024E-Lab-Assignment/kademlia/cmd/node/value.go:12.62,17.2 1 1
github.com/Limpowitch/D7024E-Lab-Assignment/kademlia/cmd/node/value.go:19.44,22.2 1 0
github.com/Limpowitch/D7024E-Lab-Assignment/kademlia/service/service.go:32.75,39.16 3 1
github.com/Limpowitch/D7024E-Lab-Assignment/kademlia/service/service.go:39.16,41.3 1 0
github.com/Limpowitch/D7024E-Lab-Assignment/kademlia/service/service.go:42.2,43.15 2 1
github.com/Limpowitch/D7024E-Lab-Assignment/kademlia/service/service.go:46.37,46.54 1 1
github.com/Limpowitch/D7024E-Lab-Assignment/kademlia/service/service.go:47.37,47.60 1 1
github.com/Limpowitch/D7024E-Lab-Assignment/kademlia/service/service.go:48.37,48.61 1 1
github.com/Limpowitch/D7024E-Lab-Assignment/kademlia/service/service.go:49.37,49.60 1 0
github.com/Limpowitch/D7024E-Lab-Assignment/kademlia/service/service.go:50.68,59.2 3 1
github.com/Limpowitch/D7024E-Lab-Assignment/kademlia/service/service.go:63.111,71.62 5 1
github.com/Limpowitch/D7024E-Lab-Assignment/kademlia/service/service.go:71.62,76.3 4 0
github.com/Limpowitch/D7024E-Lab-Assignment/kademlia/service/service.go:79.2,79.9 1 1
github.com/Limpowitch/D7024E-Lab-Assignment/kademlia/service/service.go:80.20,81.19 1 1
github.com/Limpowitch/D7024E-Lab-Assignment/kademlia/service/service.go:82.20,86.37 4 0
github.com/Limpowitch/D7024E-Lab-Assignment/kademlia/service/service.go:90.110,97.16 3 1
github.com/Limpowitch/D7024E-Lab-Assignment/kademlia/service/service.go:97.16,99.3 1 0
github.com/Limpowitch/D7024E-Lab-Assignment/kademlia/service/service.go:100.2,100.39 1 1
github.com/Limpowitch/D7024E-Lab-Assignment/kademlia/service/service.go:100.39,102.3 1 0
github.com/Limpowitch/D7024E-Lab-Assignment/kademlia/service/service.go:103.2,103.52 1 1
github.com/Limpowitch/D7024E-Lab-Assignment/kademlia/service/service.go:106.72,109.18 2 1
github.com/Limpowitch/D7024E-Lab-Assignment/kademlia/service/service.go:110.14,113.36 2 1
github.com/Limpowitch/D7024E-Lab-Assignment/kademlia/service/service.go:115.14,118.44 2 1
github.com/Limpowitch/D7024E-Lab-Assignment/kademlia/service/service.go:118.44,121.4 2 1
github.com/Limpowitch/D7024E-Lab-Assignment/kademlia/service/service.go:122.3,122.22 1 1
github.com/Limpowitch/D7024E-Lab-Assignment/kademlia/service/service.go:123.19,125.39 2 1
github.com/Limpowitch/D7024E-Lab-Assignment/kademlia/service/service.go:125.39,127.4 1 1
github.com/Limpowitch/D7024E-Lab-Assignment/kademlia/service/service.go:128.3,129.32 2 1
github.com/Limpowitch/D7024E-Lab-Assignment/kademlia/service/service.go:129.32,131.4 1 1
github.com/Limpowitch/D7024E-Lab-Assignment/kademlia/service/service.go:132.3,137.5 2 1
github.com/Limpowitch/D7024E-Lab-Assignment/kademlia/service/service.go:138.24,141.44 2 1
github.com/Limpowitch/D7024E-Lab-Assignment/kademlia/service/service.go:141.44,144.4 2 1
github.com/Limpowitch/D7024E-Lab-Assignment/kademlia/service/service.go:145.3,145.22 1 1
github.com/Limpowitch/D7024E-Lab-Assignment/kademlia/service/service.go:147.10,147.10 0 0
