mode: set
github.com/Limpowitch/D7024E-Lab-Assignment/kademlia/cmd/main/main.go:19.13,25.17 5 0
github.com/Limpowitch/D7024E-Lab-Assignment/kademlia/cmd/main/main.go:25.17,28.19 2 0
github.com/Limpowitch/D7024E-Lab-Assignment/kademlia/cmd/main/main.go:28.19,30.34 2 0
github.com/Limpowitch/D7024E-Lab-Assignment/kademlia/cmd/main/main.go:30.34,32.5 1 0
github.com/Limpowitch/D7024E-Lab-Assignment/kademlia/cmd/main/main.go:33.4,33.22 1 0
github.com/Limpowitch/D7024E-Lab-Assignment/kademlia/cmd/main/main.go:34.9,35.50 1 0
github.com/Limpowitch/D7024E-Lab-Assignment/kademlia/cmd/main/main.go:35.50,37.5 1 0
github.com/Limpowitch/D7024E-Lab-Assignment/kademlia/cmd/main/main.go:39.3,39.51 1 0
github.com/Limpowitch/D7024E-Lab-Assignment/kademlia/cmd/main/main.go:39.51,41.4 1 0
github.com/Limpowitch/D7024E-Lab-Assignment/kademlia/cmd/main/main.go:42.3,43.9 2 0
github.com/Limpowitch/D7024E-Lab-Assignment/kademlia/cmd/main/main.go:47.2,48.16 2 0
github.com/Limpowitch/D7024E-Lab-Assignment/kademlia/cmd/main/main.go:48.16,50.3 1 0
github.com/Limpowitch/D7024E-Lab-Assignment/kademlia/cmd/main/main.go:51.2,54.9 4 0
github.com/Limpowitch/D7024E-Lab-Assignment/kademlia/cmd/main/main.go:59.51,61.16 2 0
github.com/Limpowitch/D7024E-Lab-Assignment/kademlia/cmd/main/main.go:61.16,63.3 1 0
github.com/Limpowitch/D7024E-Lab-Assignment/kademlia/cmd/main/main.go:64.2,71.53 3 0
github.com/Limpowitch/D7024E-Lab-Assignment/kademlia/cmd/main/main.go:71.53,73.3 1 0
github.com/Limpowitch/D7024E-Lab-Assignment/kademlia/cmd/main/main.go:75.2,78.16 4 0
github.com/Limpowitch/D7024E-Lab-Assignment/kademlia/cmd/main/main.go:78.16,80.3 1 0
github.com/Limpowitch/D7024E-Lab-Assignment/kademlia/cmd/main/main.go:82.2,83.16 2 0
github.com/Limpowitch/D7024E-Lab-Assignment/kademlia/cmd/main/main.go:83.16,85.3 1 0
github.com/Limpowitch/D7024E-Lab-Assignment/kademlia/cmd/main/main.go:86.2,86.46 1 0
github.com/Limpowitch/D7024E-Lab-Assignment/kademlia/cmd/main/main.go:86.46,88.3 1 0
github.com/Limpowitch/D7024E-Lab-Assignment/kademlia/cmd/main/main.go:89.2,89.12 1 0
github.com/Limpowitch/D7024E-Lab-Assignment/kademlia/service/service.go:37.75,44.16 3 1
github.com/Limpowitch/D7024E-Lab-Assignment/kademlia/service/service.go:44.16,46.3 1 0
github.com/Limpowitch/D7024E-Lab-Assignment/kademlia/service/service.go:47.2,48.15 2 1
github.com/Limpowitch/D7024E-Lab-Assignment/kademlia/service/service.go:51.37,51.54 1 1
github.com/Limpowitch/D7024E-Lab-Assignment/kademlia/service/service.go:52.37,52.60 1 1
github.com/Limpowitch/D7024E-Lab-Assignment/kademlia/service/service.go:53.37,53.61 1 1
github.com/Limpowitch/D7024E-Lab-Assignment/kademlia/service/service.go:54.37,54.60 1 0
github.com/Limpowitch/D7024E-Lab-Assignment/kademlia/service/service.go:56.68,65.2 3 1
github.com/Limpowitch/D7024E-Lab-Assignment/kademlia/service/service.go:69.111,77.62 5 1
github.com/Limpowitch/D7024E-Lab-Assignment/kademlia/service/service.go:77.62,82.3 4 0
github.com/Limpowitch/D7024E-Lab-Assignment/kademlia/service/service.go:85.2,85.9 1 1
github.com/Limpowitch/D7024E-Lab-Assignment/kademlia/service/service.go:86.20,87.19 1 1
github.com/Limpowitch/D7024E-Lab-Assignment/kademlia/service/service.go:88.20,92.37 4 0
github.com/Limpowitch/D7024E-Lab-Assignment/kademlia/service/service.go:96.91,103.16 3 1
github.com/Limpowitch/D7024E-Lab-Assignment/kademlia/service/service.go:103.16,105.3 1 0
github.com/Limpowitch/D7024E-Lab-Assignment/kademlia/service/service.go:106.2,106.35 1 1
github.com/Limpowitch/D7024E-Lab-Assignment/kademlia/service/service.go:106.35,108.3 1 0
github.com/Limpowitch/D7024E-Lab-Assignment/kademlia/service/service.go:109.2,109.26 1 1
github.com/Limpowitch/D7024E-Lab-Assignment/kademlia/service/service.go:112.97,114.24 1 1
github.com/Limpowitch/D7024E-Lab-Assignment/kademlia/service/service.go:114.24,116.3 1 0
github.com/Limpowitch/D7024E-Lab-Assignment/kademlia/service/service.go:117.2,125.12 8 1
github.com/Limpowitch/D7024E-Lab-Assignment/kademlia/service/service.go:133.106,136.16 3 1
github.com/Limpowitch/D7024E-Lab-Assignment/kademlia/service/service.go:136.16,138.3 1 0
github.com/Limpowitch/D7024E-Lab-Assignment/kademlia/service/service.go:139.2,139.19 1 1
github.com/Limpowitch/D7024E-Lab-Assignment/kademlia/service/service.go:140.24,141.51 1 1
github.com/Limpowitch/D7024E-Lab-Assignment/kademlia/service/service.go:142.25,143.54 1 1
github.com/Limpowitch/D7024E-Lab-Assignment/kademlia/service/service.go:144.10,145.76 1 0
github.com/Limpowitch/D7024E-Lab-Assignment/kademlia/service/service.go:149.72,152.18 1 1
github.com/Limpowitch/D7024E-Lab-Assignment/kademlia/service/service.go:153.14,156.29 3 1
github.com/Limpowitch/D7024E-Lab-Assignment/kademlia/service/service.go:156.29,158.29 2 1
github.com/Limpowitch/D7024E-Lab-Assignment/kademlia/service/service.go:158.29,160.5 1 0
github.com/Limpowitch/D7024E-Lab-Assignment/kademlia/service/service.go:162.3,162.71 1 1
github.com/Limpowitch/D7024E-Lab-Assignment/kademlia/service/service.go:164.14,168.44 3 1
github.com/Limpowitch/D7024E-Lab-Assignment/kademlia/service/service.go:168.44,171.4 2 1
github.com/Limpowitch/D7024E-Lab-Assignment/kademlia/service/service.go:172.3,172.22 1 1
github.com/Limpowitch/D7024E-Lab-Assignment/kademlia/service/service.go:173.19,176.29 3 1
github.com/Limpowitch/D7024E-Lab-Assignment/kademlia/service/service.go:176.29,178.4 1 1
github.com/Limpowitch/D7024E-Lab-Assignment/kademlia/service/service.go:179.3,180.32 2 1
github.com/Limpowitch/D7024E-Lab-Assignment/kademlia/service/service.go:180.32,182.4 1 1
github.com/Limpowitch/D7024E-Lab-Assignment/kademlia/service/service.go:183.3,187.5 1 1
github.com/Limpowitch/D7024E-Lab-Assignment/kademlia/service/service.go:188.24,192.44 3 1
github.com/Limpowitch/D7024E-Lab-Assignment/kademlia/service/service.go:192.44,195.4 2 1
github.com/Limpowitch/D7024E-Lab-Assignment/kademlia/service/service.go:196.3,196.22 1 1
github.com/Limpowitch/D7024E-Lab-Assignment/kademlia/service/service.go:198.15,202.28 2 1
github.com/Limpowitch/D7024E-Lab-Assignment/kademlia/service/service.go:202.28,204.4 1 0
github.com/Limpowitch/D7024E-Lab-Assignment/kademlia/service/service.go:206.3,209.30 4 1
github.com/Limpowitch/D7024E-Lab-Assignment/kademlia/service/service.go:209.30,211.4 1 0
github.com/Limpowitch/D7024E-Lab-Assignment/kademlia/service/service.go:212.3,215.29 3 1
github.com/Limpowitch/D7024E-Lab-Assignment/kademlia/service/service.go:215.29,217.4 1 1
github.com/Limpowitch/D7024E-Lab-Assignment/kademlia/service/service.go:218.3,218.76 1 1
github.com/Limpowitch/D7024E-Lab-Assignment/kademlia/service/service.go:220.19,224.44 3 1
github.com/Limpowitch/D7024E-Lab-Assignment/kademlia/service/service.go:224.44,227.4 2 1
github.com/Limpowitch/D7024E-Lab-Assignment/kademlia/service/service.go:228.3,228.22 1 1
github.com/Limpowitch/D7024E-Lab-Assignment/kademlia/service/service.go:230.20,234.29 3 1
github.com/Limpowitch/D7024E-Lab-Assignment/kademlia/service/service.go:234.29,236.4 1 1
github.com/Limpowitch/D7024E-Lab-Assignment/kademlia/service/service.go:237.3,240.33 3 1
github.com/Limpowitch/D7024E-Lab-Assignment/kademlia/service/service.go:240.33,242.18 2 1
github.com/Limpowitch/D7024E-Lab-Assignment/kademlia/service/service.go:242.18,245.5 2 1
github.com/Limpowitch/D7024E-Lab-Assignment/kademlia/service/service.go:245.10,248.5 2 1
github.com/Limpowitch/D7024E-Lab-Assignment/kademlia/service/service.go:249.9,253.4 2 0
github.com/Limpowitch/D7024E-Lab-Assignment/kademlia/service/service.go:254.3,254.37 1 1
github.com/Limpowitch/D7024E-Lab-Assignment/kademlia/service/service.go:256.24,260.44 3 1
github.com/Limpowitch/D7024E-Lab-Assignment/kademlia/service/service.go:260.44,263.4 2 1
github.com/Limpowitch/D7024E-Lab-Assignment/kademlia/service/service.go:264.3,264.22 1 1
github.com/Limpowitch/D7024E-Lab-Assignment/kademlia/service/service.go:265.25,269.44 3 1
github.com/Limpowitch/D7024E-Lab-Assignment/kademlia/service/service.go:269.44,272.4 2 1
github.com/Limpowitch/D7024E-Lab-Assignment/kademlia/service/service.go:273.3,273.22 1 1
github.com/Limpowitch/D7024E-Lab-Assignment/kademlia/service/service.go:274.10,274.10 0 0
github.com/Limpowitch/D7024E-Lab-Assignment/kademlia/wire/wire.go:25.28,25.63 2 1
github.com/Limpowitch/D7024E-Lab-Assignment/kademlia/wire/wire.go:34.36,36.20 2 1
github.com/Limpowitch/D7024E-Lab-Assignment/kademlia/wire/wire.go:36.20,38.3 1 0
github.com/Limpowitch/D7024E-Lab-Assignment/kademlia/wire/wire.go:39.2,44.12 6 1
github.com/Limpowitch/D7024E-Lab-Assignment/kademlia/wire/wire.go:47.44,48.25 1 1
github.com/Limpowitch/D7024E-Lab-Assignment/kademlia/wire/wire.go:48.25,50.3 1 0
github.com/Limpowitch/D7024E-Lab-Assignment/kademlia/wire/wire.go:51.2,54.32 4 1
github.com/Limpowitch/D7024E-Lab-Assignment/kademlia/wire/wire.go:54.32,56.3 1 0
github.com/Limpowitch/D7024E-Lab-Assignment/kademlia/wire/wire.go:57.2,59.54 3 1
github.com/Limpowitch/D7024E-Lab-Assignment/kademlia/internal/transport/udp.go:19.57,21.16 2 1
github.com/Limpowitch/D7024E-Lab-Assignment/kademlia/internal/transport/udp.go:21.16,23.3 1 0
github.com/Limpowitch/D7024E-Lab-Assignment/kademlia/internal/transport/udp.go:24.2,29.8 1 1
github.com/Limpowitch/D7024E-Lab-Assignment/kademlia/internal/transport/udp.go:32.40,32.71 1 1
github.com/Limpowitch/D7024E-Lab-Assignment/kademlia/internal/transport/udp.go:35.34,36.12 1 1
github.com/Limpowitch/D7024E-Lab-Assignment/kademlia/internal/transport/udp.go:36.12,38.7 2 1
github.com/Limpowitch/D7024E-Lab-Assignment/kademlia/internal/transport/udp.go:38.7,41.53 3 1
github.com/Limpowitch/D7024E-Lab-Assignment/kademlia/internal/transport/udp.go:41.53,42.12 1 0
github.com/Limpowitch/D7024E-Lab-Assignment/kademlia/internal/transport/udp.go:43.24,44.12 1 0
github.com/Limpowitch/D7024E-Lab-Assignment/kademlia/internal/transport/udp.go:45.13,46.14 1 0
github.com/Limpowitch/D7024E-Lab-Assignment/kademlia/internal/transport/udp.go:49.4,49.18 1 1
github.com/Limpowitch/D7024E-Lab-Assignment/kademlia/internal/transport/udp.go:49.18,51.5 1 1
github.com/Limpowitch/D7024E-Lab-Assignment/kademlia/internal/transport/udp.go:54.4,55.43 2 1
github.com/Limpowitch/D7024E-Lab-Assignment/kademlia/internal/transport/udp.go:55.43,57.5 1 1
github.com/Limpowitch/D7024E-Lab-Assignment/kademlia/internal/transport/udp.go:63.71,65.16 2 1
github.com/Limpowitch/D7024E-Lab-Assignment/kademlia/internal/transport/udp.go:65.16,67.3 1 0
github.com/Limpowitch/D7024E-Lab-Assignment/kademlia/internal/transport/udp.go:68.2,70.12 3 1
github.com/Limpowitch/D7024E-Lab-Assignment/kademlia/internal/transport/udp.go:73.79,75.16 2 1
github.com/Limpowitch/D7024E-Lab-Assignment/kademlia/internal/transport/udp.go:75.16,77.3 1 1
github.com/Limpowitch/D7024E-Lab-Assignment/kademlia/internal/transport/udp.go:78.2,79.12 2 1
github.com/Limpowitch/D7024E-Lab-Assignment/kademlia/internal/transport/udp.go:82.78,85.2 2 1
github.com/Limpowitch/D7024E-Lab-Assignment/kademlia/internal/transport/udp.go:87.40,91.2 2 1
github.com/Limpowitch/D7024E-Lab-Assignment/kademlia/cmd/node/contact.go:13.49,15.2 1 1
github.com/Limpowitch/D7024E-Lab-Assignment/kademlia/cmd/node/contact.go:18.27,18.54 1 1
github.com/Limpowitch/D7024E-Lab-Assignment/kademlia/cmd/node/contact_codec.go:9.41,11.21 2 1
github.com/Limpowitch/D7024E-Lab-Assignment/kademlia/cmd/node/contact_codec.go:11.21,13.3 1 0
github.com/Limpowitch/D7024E-Lab-Assignment/kademlia/cmd/node/contact_codec.go:14.2,18.12 5 1
github.com/Limpowitch/D7024E-Lab-Assignment/kademlia/cmd/node/contact_codec.go:21.51,22.24 1 1
github.com/Limpowitch/D7024E-Lab-Assignment/kademlia/cmd/node/contact_codec.go:22.24,24.3 1 0
github.com/Limpowitch/D7024E-Lab-Assignment/kademlia/cmd/node/contact_codec.go:25.2,27.26 3 1
github.com/Limpowitch/D7024E-Lab-Assignment/kademlia/cmd/node/contact_codec.go:27.26,29.3 1 0
github.com/Limpowitch/D7024E-Lab-Assignment/kademlia/cmd/node/contact_codec.go:30.2,31.12 2 1
github.com/Limpowitch/D7024E-Lab-Assignment/kademlia/cmd/node/contact_codec.go:34.48,37.25 3 1
github.com/Limpowitch/D7024E-Lab-Assignment/kademlia/cmd/node/contact_codec.go:37.25,39.3 1 1
github.com/Limpowitch/D7024E-Lab-Assignment/kademlia/cmd/node/contact_codec.go:40.2,40.12 1 1
github.com/Limpowitch/D7024E-Lab-Assignment/kademlia/cmd/node/contact_codec.go:43.56,44.16 1 1
github.com/Limpowitch/D7024E-Lab-Assignment/kademlia/cmd/node/contact_codec.go:44.16,46.3 1 0
github.com/Limpowitch/D7024E-Lab-Assignment/kademlia/cmd/node/contact_codec.go:47.2,50.25 4 1
github.com/Limpowitch/D7024E-Lab-Assignment/kademlia/cmd/node/contact_codec.go:50.25,51.25 1 1
github.com/Limpowitch/D7024E-Lab-Assignment/kademlia/cmd/node/contact_codec.go:51.25,53.4 1 0
github.com/Limpowitch/D7024E-Lab-Assignment/kademlia/cmd/node/contact_codec.go:54.3,56.20 3 1
github.com/Limpowitch/D7024E-Lab-Assignment/kademlia/cmd/node/contact_codec.go:56.20,58.4 1 0
github.com/Limpowitch/D7024E-Lab-Assignment/kademlia/cmd/node/contact_codec.go:59.3,60.53 2 1
github.com/Limpowitch/D7024E-Lab-Assignment/kademlia/cmd/node/contact_codec.go:60.53,62.4 1 0
github.com/Limpowitch/D7024E-Lab-Assignment/kademlia/cmd/node/contact_codec.go:63.3,64.15 2 1
github.com/Limpowitch/D7024E-Lab-Assignment/kademlia/cmd/node/contact_codec.go:66.2,66.17 1 1
github.com/Limpowitch/D7024E-Lab-Assignment/kademlia/cmd/node/contact_codec.go:69.32,72.2 2 1
github.com/Limpowitch/D7024E-Lab-Assignment/kademlia/cmd/node/id.go:13.33,13.68 2 1
github.com/Limpowitch/D7024E-Lab-Assignment/kademlia/cmd/node/id.go:16.37,18.31 2 1
github.com/Limpowitch/D7024E-Lab-Assignment/kademlia/cmd/node/id.go:18.31,20.3 1 1
github.com/Limpowitch/D7024E-Lab-Assignment/kademlia/cmd/node/id.go:21.2,21.36 1 1
github.com/Limpowitch/D7024E-Lab-Assignment/kademlia/cmd/node/id.go:25.39,29.2 3 1
github.com/Limpowitch/D7024E-Lab-Assignment/kademlia/cmd/node/id.go:31.32,34.2 2 1
github.com/Limpowitch/D7024E-Lab-Assignment/kademlia/cmd/node/kbucket.go:16.86,23.2 1 1
github.com/Limpowitch/D7024E-Lab-Assignment/kademlia/cmd/node/kbucket.go:25.45,29.2 3 0
github.com/Limpowitch/D7024E-Lab-Assignment/kademlia/cmd/node/kbucket.go:31.55,36.40 4 0
github.com/Limpowitch/D7024E-Lab-Assignment/kademlia/cmd/node/kbucket.go:36.40,37.32 1 0
github.com/Limpowitch/D7024E-Lab-Assignment/kademlia/cmd/node/kbucket.go:37.32,39.9 2 0
github.com/Limpowitch/D7024E-Lab-Assignment/kademlia/cmd/node/kbucket.go:42.2,42.15 1 0
github.com/Limpowitch/D7024E-Lab-Assignment/kademlia/cmd/node/kbucket.go:42.15,44.3 1 0
github.com/Limpowitch/D7024E-Lab-Assignment/kademlia/cmd/node/kbucket.go:46.2,48.12 3 0
github.com/Limpowitch/D7024E-Lab-Assignment/kademlia/cmd/node/kbucket.go:51.38,55.29 3 1
github.com/Limpowitch/D7024E-Lab-Assignment/kademlia/cmd/node/kbucket.go:55.29,57.3 1 1
github.com/Limpowitch/D7024E-Lab-Assignment/kademlia/cmd/node/kbucket.go:59.2,59.36 1 1
github.com/Limpowitch/D7024E-Lab-Assignment/kademlia/cmd/node/kbucket.go:59.36,62.3 2 1
github.com/Limpowitch/D7024E-Lab-Assignment/kademlia/cmd/node/kbucket.go:64.2,65.37 2 0
github.com/Limpowitch/D7024E-Lab-Assignment/kademlia/cmd/node/kbucket.go:69.54,70.29 1 1
github.com/Limpowitch/D7024E-Lab-Assignment/kademlia/cmd/node/kbucket.go:70.29,71.32 1 1
github.com/Limpowitch/D7024E-Lab-Assignment/kademlia/cmd/node/kbucket.go:71.32,76.4 4 1
github.com/Limpowitch/D7024E-Lab-Assignment/kademlia/cmd/node/kbucket.go:78.2,78.14 1 1
github.com/Limpowitch/D7024E-Lab-Assignment/kademlia/cmd/node/lookup.go:25.54,32.2 1 1
github.com/Limpowitch/D7024E-Lab-Assignment/kademlia/cmd/node/lookup.go:35.39,36.23 1 1
github.com/Limpowitch/D7024E-Lab-Assignment/kademlia/cmd/node/lookup.go:36.23,37.31 1 1
github.com/Limpowitch/D7024E-Lab-Assignment/kademlia/cmd/node/lookup.go:37.31,38.12 1 1
github.com/Limpowitch/D7024E-Lab-Assignment/kademlia/cmd/node/lookup.go:40.3,40.65 1 1
github.com/Limpowitch/D7024E-Lab-Assignment/kademlia/cmd/node/lookup.go:42.2,42.41 1 1
github.com/Limpowitch/D7024E-Lab-Assignment/kademlia/cmd/node/lookup.go:42.41,42.85 1 1
github.com/Limpowitch/D7024E-Lab-Assignment/kademlia/cmd/node/lookup.go:43.2,43.23 1 1
github.com/Limpowitch/D7024E-Lab-Assignment/kademlia/cmd/node/lookup.go:43.23,45.3 1 0
github.com/Limpowitch/D7024E-Lab-Assignment/kademlia/cmd/node/lookup.go:46.2,46.18 1 1
github.com/Limpowitch/D7024E-Lab-Assignment/kademlia/cmd/node/lookup.go:49.36,51.24 2 1
github.com/Limpowitch/D7024E-Lab-Assignment/kademlia/cmd/node/lookup.go:51.24,53.3 1 1
github.com/Limpowitch/D7024E-Lab-Assignment/kademlia/cmd/node/lookup.go:57.48,59.24 2 1
github.com/Limpowitch/D7024E-Lab-Assignment/kademlia/cmd/node/lookup.go:59.24,60.21 1 1
github.com/Limpowitch/D7024E-Lab-Assignment/kademlia/cmd/node/lookup.go:60.21,63.21 3 1
github.com/Limpowitch/D7024E-Lab-Assignment/kademlia/cmd/node/lookup.go:63.21,64.10 1 0
github.com/Limpowitch/D7024E-Lab-Assignment/kademlia/cmd/node/lookup.go:68.2,68.12 1 1
github.com/Limpowitch/D7024E-Lab-Assignment/kademlia/cmd/node/lookup.go:72.54,73.22 1 1
github.com/Limpowitch/D7024E-Lab-Assignment/kademlia/cmd/node/lookup.go:73.22,75.3 1 0
github.com/Limpowitch/D7024E-Lab-Assignment/kademlia/cmd/node/lookup.go:76.2,76.39 1 1
github.com/Limpowitch/D7024E-Lab-Assignment/kademlia/cmd/node/lookup.go:80.37,81.22 1 1
github.com/Limpowitch/D7024E-Lab-Assignment/kademlia/cmd/node/lookup.go:81.22,83.21 2 0
github.com/Limpowitch/D7024E-Lab-Assignment/kademlia/cmd/node/lookup.go:83.21,85.4 1 0
github.com/Limpowitch/D7024E-Lab-Assignment/kademlia/cmd/node/lookup.go:86.3,86.12 1 0
github.com/Limpowitch/D7024E-Lab-Assignment/kademlia/cmd/node/lookup.go:88.2,88.20 1 1
github.com/Limpowitch/D7024E-Lab-Assignment/kademlia/cmd/node/lookup.go:91.42,93.24 2 1
github.com/Limpowitch/D7024E-Lab-Assignment/kademlia/cmd/node/lookup.go:93.24,95.3 1 1
github.com/Limpowitch/D7024E-Lab-Assignment/kademlia/cmd/node/lookup.go:96.2,96.12 1 1
github.com/Limpowitch/D7024E-Lab-Assignment/kademlia/cmd/node/lookup_iterator.go:10.84,19.6 4 1
github.com/Limpowitch/D7024E-Lab-Assignment/kademlia/cmd/node/lookup_iterator.go:19.6,21.22 2 1
github.com/Limpowitch/D7024E-Lab-Assignment/kademlia/cmd/node/lookup_iterator.go:21.22,23.9 1 0
github.com/Limpowitch/D7024E-Lab-Assignment/kademlia/cmd/node/lookup_iterator.go:27.3,31.27 4 1
github.com/Limpowitch/D7024E-Lab-Assignment/kademlia/cmd/node/lookup_iterator.go:31.27,33.14 2 1
github.com/Limpowitch/D7024E-Lab-Assignment/kademlia/cmd/node/lookup_iterator.go:33.14,41.19 5 1
github.com/Limpowitch/D7024E-Lab-Assignment/kademlia/cmd/node/lookup_iterator.go:41.19,43.6 1 0
github.com/Limpowitch/D7024E-Lab-Assignment/kademlia/cmd/node/lookup_iterator.go:44.5,45.19 2 1
github.com/Limpowitch/D7024E-Lab-Assignment/kademlia/cmd/node/lookup_iterator.go:45.19,47.6 1 0
github.com/Limpowitch/D7024E-Lab-Assignment/kademlia/cmd/node/lookup_iterator.go:50.5,55.16 4 1
github.com/Limpowitch/D7024E-Lab-Assignment/kademlia/cmd/node/lookup_iterator.go:58.3,61.29 2 1
github.com/Limpowitch/D7024E-Lab-Assignment/kademlia/cmd/node/lookup_iterator.go:61.29,62.9 1 1
github.com/Limpowitch/D7024E-Lab-Assignment/kademlia/cmd/node/lookup_iterator.go:64.3,64.23 1 1
github.com/Limpowitch/D7024E-Lab-Assignment/kademlia/cmd/node/lookup_iterator.go:67.2,67.27 1 1
github.com/Limpowitch/D7024E-Lab-Assignment/kademlia/cmd/node/main.go:14.13,31.18 12 0
github.com/Limpowitch/D7024E-Lab-Assignment/kademlia/cmd/node/main.go:31.18,32.16 1 0
github.com/Limpowitch/D7024E-Lab-Assignment/kademlia/cmd/node/main.go:32.16,35.4 2 0
github.com/Limpowitch/D7024E-Lab-Assignment/kademlia/cmd/node/main.go:36.3,36.54 1 0
github.com/Limpowitch/D7024E-Lab-Assignment/kademlia/cmd/node/main.go:36.54,39.4 2 0
github.com/Limpowitch/D7024E-Lab-Assignment/kademlia/cmd/node/main.go:40.3,41.9 2 0
github.com/Limpowitch/D7024E-Lab-Assignment/kademlia/cmd/node/main.go:45.2,45.60 1 0
github.com/Limpowitch/D7024E-Lab-Assignment/kademlia/cmd/node/main.go:45.60,48.3 2 0
github.com/Limpowitch/D7024E-Lab-Assignment/kademlia/cmd/node/main.go:51.45,53.16 2 0
github.com/Limpowitch/D7024E-Lab-Assignment/kademlia/cmd/node/main.go:53.16,55.3 1 0
github.com/Limpowitch/D7024E-Lab-Assignment/kademlia/cmd/node/main.go:56.2,58.12 3 0
github.com/Limpowitch/D7024E-Lab-Assignment/kademlia/cmd/node/main.go:61.58,63.16 2 0
github.com/Limpowitch/D7024E-Lab-Assignment/kademlia/cmd/node/main.go:63.16,65.3 1 0
github.com/Limpowitch/D7024E-Lab-Assignment/kademlia/cmd/node/main.go:66.2,69.16 3 0
github.com/Limpowitch/D7024E-Lab-Assignment/kademlia/cmd/node/main.go:69.16,71.3 1 0
github.com/Limpowitch/D7024E-Lab-Assignment/kademlia/cmd/node/main.go:71.8,73.3 1 0
github.com/Limpowitch/D7024E-Lab-Assignment/kademlia/cmd/node/main.go:76.2,81.6 4 0
github.com/Limpowitch/D7024E-Lab-Assignment/kademlia/cmd/node/main.go:81.6,82.10 1 0
github.com/Limpowitch/D7024E-Lab-Assignment/kademlia/cmd/node/main.go:83.14,85.14 2 0
github.com/Limpowitch/D7024E-Lab-Assignment/kademlia/cmd/node/main.go:86.11,88.18 2 0
github.com/Limpowitch/D7024E-Lab-Assignment/kademlia/cmd/node/main.go:88.18,90.5 1 0
github.com/Limpowitch/D7024E-Lab-Assignment/kademlia/cmd/node/main.go:93.4,97.18 3 0
github.com/Limpowitch/D7024E-Lab-Assignment/kademlia/cmd/node/main.go:97.18,99.5 1 0
github.com/Limpowitch/D7024E-Lab-Assignment/kademlia/cmd/node/main.go:99.10,101.5 1 0
github.com/Limpowitch/D7024E-Lab-Assignment/kademlia/cmd/node/main.go:103.4,103.15 1 0
github.com/Limpowitch/D7024E-Lab-Assignment/kademlia/cmd/node/main.go:103.15,105.5 1 0
github.com/Limpowitch/D7024E-Lab-Assignment/kademlia/cmd/node/main.go:110.49,112.11 2 0
github.com/Limpowitch/D7024E-Lab-Assignment/kademlia/cmd/node/main.go:112.11,114.3 1 0
github.com/Limpowitch/D7024E-Lab-Assignment/kademlia/cmd/node/main.go:115.2,115.23 1 0
github.com/Limpowitch/D7024E-Lab-Assignment/kademlia/cmd/node/node.go:25.42,28.44 2 1
github.com/Limpowitch/D7024E-Lab-Assignment/kademlia/cmd/node/node.go:28.44,30.3 1 0
github.com/Limpowitch/D7024E-Lab-Assignment/kademlia/cmd/node/node.go:33.2,34.23 2 1
github.com/Limpowitch/D7024E-Lab-Assignment/kademlia/cmd/node/node.go:34.23,36.3 1 1
github.com/Limpowitch/D7024E-Lab-Assignment/kademlia/cmd/node/node.go:38.2,39.16 2 1
github.com/Limpowitch/D7024E-Lab-Assignment/kademlia/cmd/node/node.go:39.16,41.3 1 0
github.com/Limpowitch/D7024E-Lab-Assignment/kademlia/cmd/node/node.go:44.2,45.16 2 1
github.com/Limpowitch/D7024E-Lab-Assignment/kademlia/cmd/node/node.go:45.16,47.3 1 0
github.com/Limpowitch/D7024E-Lab-Assignment/kademlia/cmd/node/node.go:49.2,58.52 2 1
github.com/Limpowitch/D7024E-Lab-Assignment/kademlia/cmd/node/node.go:58.52,59.22 1 1
github.com/Limpowitch/D7024E-Lab-Assignment/kademlia/cmd/node/node.go:59.22,61.4 1 1
github.com/Limpowitch/D7024E-Lab-Assignment/kademlia/cmd/node/node.go:65.2,65.50 1 1
github.com/Limpowitch/D7024E-Lab-Assignment/kademlia/cmd/node/node.go:65.50,68.3 2 1
github.com/Limpowitch/D7024E-Lab-Assignment/kademlia/cmd/node/node.go:70.2,70.49 1 1
github.com/Limpowitch/D7024E-Lab-Assignment/kademlia/cmd/node/node.go:70.49,74.3 3 1
github.com/Limpowitch/D7024E-Lab-Assignment/kademlia/cmd/node/node.go:76.2,76.78 1 1
github.com/Limpowitch/D7024E-Lab-Assignment/kademlia/cmd/node/node.go:76.78,80.9 4 1
github.com/Limpowitch/D7024E-Lab-Assignment/kademlia/cmd/node/node.go:80.9,82.4 1 1
github.com/Limpowitch/D7024E-Lab-Assignment/kademlia/cmd/node/node.go:83.3,84.37 2 1
github.com/Limpowitch/D7024E-Lab-Assignment/kademlia/cmd/node/node.go:87.2,87.15 1 1
github.com/Limpowitch/D7024E-Lab-Assignment/kademlia/cmd/node/node.go:90.72,94.16 4 0
github.com/Limpowitch/D7024E-Lab-Assignment/kademlia/cmd/node/node.go:94.16,96.3 1 0
github.com/Limpowitch/D7024E-Lab-Assignment/kademlia/cmd/node/node.go:97.2,97.38 1 0
github.com/Limpowitch/D7024E-Lab-Assignment/kademlia/cmd/node/node.go:102.91,106.2 2 1
github.com/Limpowitch/D7024E-Lab-Assignment/kademlia/cmd/node/node.go:109.117,111.17 2 1
github.com/Limpowitch/D7024E-Lab-Assignment/kademlia/cmd/node/node.go:111.17,113.3 1 0
github.com/Limpowitch/D7024E-Lab-Assignment/kademlia/cmd/node/node.go:114.2,114.22 1 1
github.com/Limpowitch/D7024E-Lab-Assignment/kademlia/cmd/node/node.go:114.22,117.3 2 1
github.com/Limpowitch/D7024E-Lab-Assignment/kademlia/cmd/node/node.go:118.2,119.17 2 1
github.com/Limpowitch/D7024E-Lab-Assignment/kademlia/cmd/node/node.go:119.17,121.3 1 0
github.com/Limpowitch/D7024E-Lab-Assignment/kademlia/cmd/node/node.go:122.2,122.21 1 1
github.com/Limpowitch/D7024E-Lab-Assignment/kademlia/cmd/node/node.go:125.30,125.47 1 1
github.com/Limpowitch/D7024E-Lab-Assignment/kademlia/cmd/node/node.go:126.30,126.54 1 1
github.com/Limpowitch/D7024E-Lab-Assignment/kademlia/cmd/node/node.go:128.31,128.65 2 1
github.com/Limpowitch/D7024E-Lab-Assignment/kademlia/cmd/node/node.go:132.50,137.2 3 1
github.com/Limpowitch/D7024E-Lab-Assignment/kademlia/cmd/node/node.go:140.45,144.2 3 0
github.com/Limpowitch/D7024E-Lab-Assignment/kademlia/cmd/node/node.go:145.46,150.2 4 0
github.com/Limpowitch/D7024E-Lab-Assignment/kademlia/cmd/node/node.go:158.40,161.2 2 1
github.com/Limpowitch/D7024E-Lab-Assignment/kademlia/cmd/node/routingTable.go:14.75,23.16 4 1
github.com/Limpowitch/D7024E-Lab-Assignment/kademlia/cmd/node/routingTable.go:23.16,25.3 1 0
github.com/Limpowitch/D7024E-Lab-Assignment/kademlia/cmd/node/routingTable.go:27.2,28.16 2 1
github.com/Limpowitch/D7024E-Lab-Assignment/kademlia/cmd/node/routingTable.go:31.60,36.29 3 1
github.com/Limpowitch/D7024E-Lab-Assignment/kademlia/cmd/node/routingTable.go:36.29,39.3 2 1
github.com/Limpowitch/D7024E-Lab-Assignment/kademlia/cmd/node/routingTable.go:41.2,42.42 2 1
github.com/Limpowitch/D7024E-Lab-Assignment/kademlia/cmd/node/routingTable.go:42.42,45.53 2 1
github.com/Limpowitch/D7024E-Lab-Assignment/kademlia/cmd/node/routingTable.go:45.53,47.4 1 1
github.com/Limpowitch/D7024E-Lab-Assignment/kademlia/cmd/node/routingTable.go:50.3,50.36 1 1
github.com/Limpowitch/D7024E-Lab-Assignment/kademlia/cmd/node/routingTable.go:50.36,52.9 2 1
github.com/Limpowitch/D7024E-Lab-Assignment/kademlia/cmd/node/routingTable.go:56.2,59.12 4 1
github.com/Limpowitch/D7024E-Lab-Assignment/kademlia/cmd/node/routingTable.go:62.63,64.29 1 1
github.com/Limpowitch/D7024E-Lab-Assignment/kademlia/cmd/node/routingTable.go:64.29,66.3 1 1
github.com/Limpowitch/D7024E-Lab-Assignment/kademlia/cmd/node/routingTable.go:68.2,69.31 2 1
github.com/Limpowitch/D7024E-Lab-Assignment/kademlia/cmd/node/routingTable.go:69.31,71.69 2 1
github.com/Limpowitch/D7024E-Lab-Assignment/kademlia/cmd/node/routingTable.go:71.69,73.9 2 1
github.com/Limpowitch/D7024E-Lab-Assignment/kademlia/cmd/node/routingTable.go:76.2,76.15 1 1
github.com/Limpowitch/D7024E-Lab-Assignment/kademlia/cmd/node/routingTable.go:76.15,78.3 1 0
github.com/Limpowitch/D7024E-Lab-Assignment/kademlia/cmd/node/routingTable.go:80.2,82.12 3 1
github.com/Limpowitch/D7024E-Lab-Assignment/kademlia/cmd/node/routingTable.go:86.43,90.11 4 1
github.com/Limpowitch/D7024E-Lab-Assignment/kademlia/cmd/node/routingTable.go:90.11,92.3 1 0
github.com/Limpowitch/D7024E-Lab-Assignment/kademlia/cmd/node/routingTable.go:93.2,93.28 1 1
github.com/Limpowitch/D7024E-Lab-Assignment/kademlia/cmd/node/routingTable.go:96.66,109.42 9 1
github.com/Limpowitch/D7024E-Lab-Assignment/kademlia/cmd/node/routingTable.go:109.42,110.67 1 0
github.com/Limpowitch/D7024E-Lab-Assignment/kademlia/cmd/node/routingTable.go:110.67,112.4 1 0
github.com/Limpowitch/D7024E-Lab-Assignment/kademlia/cmd/node/routingTable.go:112.9,114.4 1 0
github.com/Limpowitch/D7024E-Lab-Assignment/kademlia/cmd/node/routingTable.go:117.2,125.12 6 1
github.com/Limpowitch/D7024E-Lab-Assignment/kademlia/cmd/node/routingTable.go:130.33,131.26 1 1
github.com/Limpowitch/D7024E-Lab-Assignment/kademlia/cmd/node/routingTable.go:131.26,132.18 1 1
github.com/Limpowitch/D7024E-Lab-Assignment/kademlia/cmd/node/routingTable.go:132.18,134.4 1 1
github.com/Limpowitch/D7024E-Lab-Assignment/kademlia/cmd/node/routingTable.go:134.9,134.25 1 1
github.com/Limpowitch/D7024E-Lab-Assignment/kademlia/cmd/node/routingTable.go:134.25,136.4 1 1
github.com/Limpowitch/D7024E-Lab-Assignment/kademlia/cmd/node/routingTable.go:138.2,138.10 1 0
github.com/Limpowitch/D7024E-Lab-Assignment/kademlia/cmd/node/routingTable.go:141.34,144.27 3 1
github.com/Limpowitch/D7024E-Lab-Assignment/kademlia/cmd/node/routingTable.go:144.27,148.3 3 1
github.com/Limpowitch/D7024E-Lab-Assignment/kademlia/cmd/node/routingTable.go:149.2,149.12 1 1
github.com/Limpowitch/D7024E-Lab-Assignment/kademlia/cmd/node/routingTable.go:152.39,155.27 3 1
github.com/Limpowitch/D7024E-Lab-Assignment/kademlia/cmd/node/routingTable.go:155.27,159.3 3 1
github.com/Limpowitch/D7024E-Lab-Assignment/kademlia/cmd/node/routingTable.go:160.2,160.12 1 1
github.com/Limpowitch/D7024E-Lab-Assignment/kademlia/cmd/node/routingTable.go:163.57,164.31 1 1
github.com/Limpowitch/D7024E-Lab-Assignment/kademlia/cmd/node/routingTable.go:164.31,166.71 2 1
github.com/Limpowitch/D7024E-Lab-Assignment/kademlia/cmd/node/routingTable.go:166.71,168.4 1 1
github.com/Limpowitch/D7024E-Lab-Assignment/kademlia/cmd/node/routingTable.go:170.2,170.11 1 0
github.com/Limpowitch/D7024E-Lab-Assignment/kademlia/cmd/node/routingTable_closest.go:5.40,6.26 1 1
github.com/Limpowitch/D7024E-Lab-Assignment/kademlia/cmd/node/routingTable_closest.go:6.26,8.3 1 1
github.com/Limpowitch/D7024E-Lab-Assignment/kademlia/cmd/node/routingTable_closest.go:9.2,9.8 1 1
github.com/Limpowitch/D7024E-Lab-Assignment/kademlia/cmd/node/routingTable_closest.go:11.34,12.26 1 1
github.com/Limpowitch/D7024E-Lab-Assignment/kademlia/cmd/node/routingTable_closest.go:12.26,13.19 1 1
github.com/Limpowitch/D7024E-Lab-Assignment/kademlia/cmd/node/routingTable_closest.go:13.19,15.4 1 1
github.com/Limpowitch/D7024E-Lab-Assignment/kademlia/cmd/node/routingTable_closest.go:17.2,17.14 1 1
github.com/Limpowitch/D7024E-Lab-Assignment/kademlia/cmd/node/routingTable_closest.go:20.67,30.34 5 1
github.com/Limpowitch/D7024E-Lab-Assignment/kademlia/cmd/node/routingTable_closest.go:30.34,32.32 2 1
github.com/Limpowitch/D7024E-Lab-Assignment/kademlia/cmd/node/routingTable_closest.go:32.32,34.4 1 1
github.com/Limpowitch/D7024E-Lab-Assignment/kademlia/cmd/node/routingTable_closest.go:35.3,35.17 1 1
github.com/Limpowitch/D7024E-Lab-Assignment/kademlia/cmd/node/routingTable_closest.go:38.2,38.38 1 1
github.com/Limpowitch/D7024E-Lab-Assignment/kademlia/cmd/node/routingTable_closest.go:38.38,38.76 1 1
github.com/Limpowitch/D7024E-Lab-Assignment/kademlia/cmd/node/routingTable_closest.go:39.2,39.18 1 1
github.com/Limpowitch/D7024E-Lab-Assignment/kademlia/cmd/node/routingTable_closest.go:39.18,41.3 1 1
github.com/Limpowitch/D7024E-Lab-Assignment/kademlia/cmd/node/routingTable_closest.go:42.2,43.25 2 1
github.com/Limpowitch/D7024E-Lab-Assignment/kademlia/cmd/node/routingTable_closest.go:43.25,45.3 1 1
github.com/Limpowitch/D7024E-Lab-Assignment/kademlia/cmd/node/routingTable_closest.go:46.2,46.12 1 1
github.com/Limpowitch/D7024E-Lab-Assignment/kademlia/cmd/node/value.go:12.62,17.2 1 1
github.com/Limpowitch/D7024E-Lab-Assignment/kademlia/cmd/node/value.go:19.44,22.2 1 0
